<?xml version="1.0" encoding="UTF-8"?>
<testng-results ignored="0" total="1" passed="1" failed="0" skipped="0">
  <reporter-output>
  </reporter-output>
  <suite started-at="2023-09-26T14:13:45 ICT" name="All Test Suite" finished-at="2023-09-26T14:13:52 ICT" duration-ms="7461">
    <groups>
    </groups>
    <test started-at="2023-09-26T14:13:45 ICT" name="C:/vmo_auto_fresher/src/test/java/com/vmo/nopcommerce/features/hompage/ChangeCurrency.java" finished-at="2023-09-26T14:13:52 ICT" duration-ms="7461">
      <class name="com.vmo.nopcommerce.features.login.LoginSuccessfully">
        <test-method is-config="true" signature="setup(java.lang.String)[pri:0, instance:com.vmo.nopcommerce.features.login.LoginSuccessfully@60acd609]" started-at="2023-09-26T14:13:45 ICT" name="setup" finished-at="2023-09-26T14:13:50 ICT" duration-ms="5578" status="PASS">
          <params>
            <param index="0">
              <value>
                <![CDATA[CHROME]]>
              </value>
            </param>
          </params>
          <reporter-output>
          </reporter-output>
        </test-method> <!-- setup -->
        <test-method signature="Login_01_Loginsuccessfully()[pri:0, instance:com.vmo.nopcommerce.features.login.LoginSuccessfully@60acd609]" started-at="2023-09-26T14:13:51 ICT" name="Login_01_Loginsuccessfully" finished-at="2023-09-26T14:13:51 ICT" duration-ms="948" status="PASS">
          <reporter-output>
          </reporter-output>
        </test-method> <!-- Login_01_Loginsuccessfully -->
        <test-method is-config="true" signature="tearDown()[pri:0, instance:com.vmo.nopcommerce.features.login.LoginSuccessfully@60acd609]" started-at="2023-09-26T14:13:52 ICT" name="tearDown" finished-at="2023-09-26T14:13:52 ICT" duration-ms="619" status="PASS">
          <reporter-output>
          </reporter-output>
        </test-method> <!-- tearDown -->
      </class> <!-- com.vmo.nopcommerce.features.login.LoginSuccessfully -->
    </test> <!-- C:/vmo_auto_fresher/src/test/java/com/vmo/nopcommerce/features/hompage/ChangeCurrency.java -->
  </suite> <!-- All Test Suite -->
</testng-results>
